  Game.cpp
C:\Users\MarkoBarbir\Documents\sfml1\zadatak\zadatak\Game.cpp(11,15): warning C4244: 'argument': conversion from 'time_t' to 'unsigned int', possible loss of data
C:\Users\MarkoBarbir\Documents\sfml1\zadatak\zadatak\Game.cpp(84,58): warning C4244: 'argument': conversion from 'T' to 'T', possible loss of data
C:\Users\MarkoBarbir\Documents\sfml1\zadatak\zadatak\Game.cpp(84,58): warning C4244:         with
C:\Users\MarkoBarbir\Documents\sfml1\zadatak\zadatak\Game.cpp(84,58): warning C4244:         [
C:\Users\MarkoBarbir\Documents\sfml1\zadatak\zadatak\Game.cpp(84,58): warning C4244:             T=int
C:\Users\MarkoBarbir\Documents\sfml1\zadatak\zadatak\Game.cpp(84,58): warning C4244:         ]
C:\Users\MarkoBarbir\Documents\sfml1\zadatak\zadatak\Game.cpp(84,58): warning C4244:         and
C:\Users\MarkoBarbir\Documents\sfml1\zadatak\zadatak\Game.cpp(84,58): warning C4244:         [
C:\Users\MarkoBarbir\Documents\sfml1\zadatak\zadatak\Game.cpp(84,58): warning C4244:             T=float
C:\Users\MarkoBarbir\Documents\sfml1\zadatak\zadatak\Game.cpp(84,58): warning C4244:         ]
C:\Users\MarkoBarbir\Documents\sfml1\zadatak\zadatak\Game.cpp(84,51): warning C4244: 'argument': conversion from 'T' to 'T', possible loss of data
C:\Users\MarkoBarbir\Documents\sfml1\zadatak\zadatak\Game.cpp(84,51): warning C4244:         with
C:\Users\MarkoBarbir\Documents\sfml1\zadatak\zadatak\Game.cpp(84,51): warning C4244:         [
C:\Users\MarkoBarbir\Documents\sfml1\zadatak\zadatak\Game.cpp(84,51): warning C4244:             T=int
C:\Users\MarkoBarbir\Documents\sfml1\zadatak\zadatak\Game.cpp(84,51): warning C4244:         ]
C:\Users\MarkoBarbir\Documents\sfml1\zadatak\zadatak\Game.cpp(84,51): warning C4244:         and
C:\Users\MarkoBarbir\Documents\sfml1\zadatak\zadatak\Game.cpp(84,51): warning C4244:         [
C:\Users\MarkoBarbir\Documents\sfml1\zadatak\zadatak\Game.cpp(84,51): warning C4244:             T=float
C:\Users\MarkoBarbir\Documents\sfml1\zadatak\zadatak\Game.cpp(84,51): warning C4244:         ]
C:\Users\MarkoBarbir\Documents\sfml1\zadatak\zadatak\Game.cpp(86,60): warning C4244: 'argument': conversion from 'T' to 'T', possible loss of data
C:\Users\MarkoBarbir\Documents\sfml1\zadatak\zadatak\Game.cpp(86,60): warning C4244:         with
C:\Users\MarkoBarbir\Documents\sfml1\zadatak\zadatak\Game.cpp(86,60): warning C4244:         [
C:\Users\MarkoBarbir\Documents\sfml1\zadatak\zadatak\Game.cpp(86,60): warning C4244:             T=int
C:\Users\MarkoBarbir\Documents\sfml1\zadatak\zadatak\Game.cpp(86,60): warning C4244:         ]
C:\Users\MarkoBarbir\Documents\sfml1\zadatak\zadatak\Game.cpp(86,60): warning C4244:         and
C:\Users\MarkoBarbir\Documents\sfml1\zadatak\zadatak\Game.cpp(86,60): warning C4244:         [
C:\Users\MarkoBarbir\Documents\sfml1\zadatak\zadatak\Game.cpp(86,60): warning C4244:             T=float
C:\Users\MarkoBarbir\Documents\sfml1\zadatak\zadatak\Game.cpp(86,60): warning C4244:         ]
C:\Users\MarkoBarbir\Documents\sfml1\zadatak\zadatak\Game.cpp(86,53): warning C4244: 'argument': conversion from 'T' to 'T', possible loss of data
C:\Users\MarkoBarbir\Documents\sfml1\zadatak\zadatak\Game.cpp(86,53): warning C4244:         with
C:\Users\MarkoBarbir\Documents\sfml1\zadatak\zadatak\Game.cpp(86,53): warning C4244:         [
C:\Users\MarkoBarbir\Documents\sfml1\zadatak\zadatak\Game.cpp(86,53): warning C4244:             T=int
C:\Users\MarkoBarbir\Documents\sfml1\zadatak\zadatak\Game.cpp(86,53): warning C4244:         ]
C:\Users\MarkoBarbir\Documents\sfml1\zadatak\zadatak\Game.cpp(86,53): warning C4244:         and
C:\Users\MarkoBarbir\Documents\sfml1\zadatak\zadatak\Game.cpp(86,53): warning C4244:         [
C:\Users\MarkoBarbir\Documents\sfml1\zadatak\zadatak\Game.cpp(86,53): warning C4244:             T=float
C:\Users\MarkoBarbir\Documents\sfml1\zadatak\zadatak\Game.cpp(86,53): warning C4244:         ]
C:\Users\MarkoBarbir\Documents\sfml1\zadatak\zadatak\Game.cpp(91,60): warning C4244: 'argument': conversion from 'T' to 'T', possible loss of data
C:\Users\MarkoBarbir\Documents\sfml1\zadatak\zadatak\Game.cpp(91,60): warning C4244:         with
C:\Users\MarkoBarbir\Documents\sfml1\zadatak\zadatak\Game.cpp(91,60): warning C4244:         [
C:\Users\MarkoBarbir\Documents\sfml1\zadatak\zadatak\Game.cpp(91,60): warning C4244:             T=int
C:\Users\MarkoBarbir\Documents\sfml1\zadatak\zadatak\Game.cpp(91,60): warning C4244:         ]
C:\Users\MarkoBarbir\Documents\sfml1\zadatak\zadatak\Game.cpp(91,60): warning C4244:         and
C:\Users\MarkoBarbir\Documents\sfml1\zadatak\zadatak\Game.cpp(91,60): warning C4244:         [
C:\Users\MarkoBarbir\Documents\sfml1\zadatak\zadatak\Game.cpp(91,60): warning C4244:             T=float
C:\Users\MarkoBarbir\Documents\sfml1\zadatak\zadatak\Game.cpp(91,60): warning C4244:         ]
C:\Users\MarkoBarbir\Documents\sfml1\zadatak\zadatak\Game.cpp(91,53): warning C4244: 'argument': conversion from 'T' to 'T', possible loss of data
C:\Users\MarkoBarbir\Documents\sfml1\zadatak\zadatak\Game.cpp(91,53): warning C4244:         with
C:\Users\MarkoBarbir\Documents\sfml1\zadatak\zadatak\Game.cpp(91,53): warning C4244:         [
C:\Users\MarkoBarbir\Documents\sfml1\zadatak\zadatak\Game.cpp(91,53): warning C4244:             T=int
C:\Users\MarkoBarbir\Documents\sfml1\zadatak\zadatak\Game.cpp(91,53): warning C4244:         ]
C:\Users\MarkoBarbir\Documents\sfml1\zadatak\zadatak\Game.cpp(91,53): warning C4244:         and
C:\Users\MarkoBarbir\Documents\sfml1\zadatak\zadatak\Game.cpp(91,53): warning C4244:         [
C:\Users\MarkoBarbir\Documents\sfml1\zadatak\zadatak\Game.cpp(91,53): warning C4244:             T=float
C:\Users\MarkoBarbir\Documents\sfml1\zadatak\zadatak\Game.cpp(91,53): warning C4244:         ]
C:\Users\MarkoBarbir\Documents\sfml1\zadatak\zadatak\Game.cpp(101,64): warning C4244: 'argument': conversion from 'T' to 'T', possible loss of data
C:\Users\MarkoBarbir\Documents\sfml1\zadatak\zadatak\Game.cpp(101,64): warning C4244:         with
C:\Users\MarkoBarbir\Documents\sfml1\zadatak\zadatak\Game.cpp(101,64): warning C4244:         [
C:\Users\MarkoBarbir\Documents\sfml1\zadatak\zadatak\Game.cpp(101,64): warning C4244:             T=int
C:\Users\MarkoBarbir\Documents\sfml1\zadatak\zadatak\Game.cpp(101,64): warning C4244:         ]
C:\Users\MarkoBarbir\Documents\sfml1\zadatak\zadatak\Game.cpp(101,64): warning C4244:         and
C:\Users\MarkoBarbir\Documents\sfml1\zadatak\zadatak\Game.cpp(101,64): warning C4244:         [
C:\Users\MarkoBarbir\Documents\sfml1\zadatak\zadatak\Game.cpp(101,64): warning C4244:             T=float
C:\Users\MarkoBarbir\Documents\sfml1\zadatak\zadatak\Game.cpp(101,64): warning C4244:         ]
C:\Users\MarkoBarbir\Documents\sfml1\zadatak\zadatak\Game.cpp(101,57): warning C4244: 'argument': conversion from 'T' to 'T', possible loss of data
C:\Users\MarkoBarbir\Documents\sfml1\zadatak\zadatak\Game.cpp(101,57): warning C4244:         with
C:\Users\MarkoBarbir\Documents\sfml1\zadatak\zadatak\Game.cpp(101,57): warning C4244:         [
C:\Users\MarkoBarbir\Documents\sfml1\zadatak\zadatak\Game.cpp(101,57): warning C4244:             T=int
C:\Users\MarkoBarbir\Documents\sfml1\zadatak\zadatak\Game.cpp(101,57): warning C4244:         ]
C:\Users\MarkoBarbir\Documents\sfml1\zadatak\zadatak\Game.cpp(101,57): warning C4244:         and
C:\Users\MarkoBarbir\Documents\sfml1\zadatak\zadatak\Game.cpp(101,57): warning C4244:         [
C:\Users\MarkoBarbir\Documents\sfml1\zadatak\zadatak\Game.cpp(101,57): warning C4244:             T=float
C:\Users\MarkoBarbir\Documents\sfml1\zadatak\zadatak\Game.cpp(101,57): warning C4244:         ]
C:\Users\MarkoBarbir\Documents\sfml1\zadatak\zadatak\Game.cpp(115,16): warning C4244: '=': conversion from 'float' to 'int', possible loss of data
C:\Users\MarkoBarbir\Documents\sfml1\zadatak\zadatak\Game.cpp(135,23): warning C4244: 'argument': conversion from 'float' to 'int', possible loss of data
  main.cpp
  Generating Code...
  zadatak.vcxproj -> C:\Users\MarkoBarbir\Documents\sfml1\zadatak\x64\Debug\zadatak.exe
